  MainCode.cpp
C:\Users\greenr\Downloads\CS330Content\Utilities\linmath.h(64,1): warning C4244: 'initializing': conversion from 'double' to 'float', possible loss of data
  (compiling source file 'Source/MainCode.cpp')
  
C:\Users\greenr\Downloads\CS330Content\Utilities\linmath.h(65,1): warning C4244: 'initializing': conversion from 'double' to 'float', possible loss of data
  (compiling source file 'Source/MainCode.cpp')
  
C:\Users\greenr\Downloads\CS330Content\Utilities\linmath.h(66,1): warning C4244: 'initializing': conversion from 'double' to 'float', possible loss of data
  (compiling source file 'Source/MainCode.cpp')
  
C:\Users\greenr\Downloads\CS330Content\Utilities\linmath.h(344,17): warning C4244: '=': conversion from 'double' to 'float', possible loss of data
  (compiling source file 'Source/MainCode.cpp')
  
C:\Users\greenr\Downloads\CS330Content\Utilities\linmath.h(597,18): warning C4244: 'argument': conversion from 'double' to 'float', possible loss of data
  (compiling source file 'Source/MainCode.cpp')
  
C:\Users\greenr\Downloads\CS330Content\Utilities\linmath.h(604,18): warning C4244: 'argument': conversion from 'double' to 'float', possible loss of data
  (compiling source file 'Source/MainCode.cpp')
  
C:\Program Files (x86)\Windows Kits\10\Include\10.0.22621.0\shared\minwindef.h(130,1): warning C4005: 'APIENTRY': macro redefinition
  (compiling source file 'Source/MainCode.cpp')
  C:\Users\greenr\Downloads\CS330Content\Libraries\GLFW\include\GLFW\glfw3.h(123,1):
  see previous definition of 'APIENTRY'
  
C:\Users\greenr\Downloads\CS330Content\Projects\8-2_Assignment\Source\MainCode.cpp(13,31): warning C4305: 'initializing': truncation from 'double' to 'float'
C:\Users\greenr\Downloads\CS330Content\Projects\8-2_Assignment\Source\MainCode.cpp(77,16): warning C4305: 'initializing': truncation from 'double' to 'float'
C:\Users\greenr\Downloads\CS330Content\Projects\8-2_Assignment\Source\MainCode.cpp(83,7): warning C4244: '=': conversion from 'double' to 'float', possible loss of data
C:\Users\greenr\Downloads\CS330Content\Projects\8-2_Assignment\Source\MainCode.cpp(84,7): warning C4244: '=': conversion from 'double' to 'float', possible loss of data
C:\Users\greenr\Downloads\CS330Content\Projects\8-2_Assignment\Source\MainCode.cpp(85,12): warning C4244: '=': conversion from 'double' to 'float', possible loss of data
C:\Users\greenr\Downloads\CS330Content\Projects\8-2_Assignment\Source\MainCode.cpp(113,12): warning C4244: '=': conversion from 'double' to 'float', possible loss of data
C:\Users\greenr\Downloads\CS330Content\Projects\8-2_Assignment\Source\MainCode.cpp(114,12): warning C4244: '=': conversion from 'double' to 'float', possible loss of data
C:\Users\greenr\Downloads\CS330Content\Projects\8-2_Assignment\Source\MainCode.cpp(302,12): warning C4244: 'argument': conversion from 'time_t' to 'unsigned int', possible loss of data
C:\Users\greenr\Downloads\CS330Content\Projects\8-2_Assignment\Source\MainCode.cpp(320,38): warning C4305: 'argument': truncation from 'double' to 'float'
C:\Users\greenr\Downloads\CS330Content\Projects\8-2_Assignment\Source\MainCode.cpp(320,32): warning C4305: 'argument': truncation from 'double' to 'float'
C:\Users\greenr\Downloads\CS330Content\Projects\8-2_Assignment\Source\MainCode.cpp(321,41): warning C4305: 'argument': truncation from 'double' to 'float'
C:\Users\greenr\Downloads\CS330Content\Projects\8-2_Assignment\Source\MainCode.cpp(321,35): warning C4305: 'argument': truncation from 'double' to 'float'
C:\Users\greenr\Downloads\CS330Content\Projects\8-2_Assignment\Source\MainCode.cpp(322,42): warning C4305: 'argument': truncation from 'double' to 'float'
C:\Users\greenr\Downloads\CS330Content\Projects\8-2_Assignment\Source\MainCode.cpp(322,36): warning C4305: 'argument': truncation from 'double' to 'float'
C:\Users\greenr\Downloads\CS330Content\Projects\8-2_Assignment\Source\MainCode.cpp(323,33): warning C4305: 'argument': truncation from 'double' to 'float'
C:\Users\greenr\Downloads\CS330Content\Projects\8-2_Assignment\Source\MainCode.cpp(338,21): warning C4018: '<': signed/unsigned mismatch
C:\Users\greenr\Downloads\CS330Content\Projects\8-2_Assignment\Source\MainCode.cpp(356,21): warning C4018: '<': signed/unsigned mismatch
C:\Users\greenr\Downloads\CS330Content\Projects\8-2_Assignment\Source\MainCode.cpp(358,26): warning C4018: '<': signed/unsigned mismatch
C:\Users\greenr\Downloads\CS330Content\Projects\8-2_Assignment\Source\MainCode.cpp(383,2): warning C4551: function call missing argument list
C:\Users\greenr\Downloads\CS330Content\Projects\8-2_Assignment\Source\MainCode.cpp(399,39): warning C4244: 'argument': conversion from 'double' to 'float', possible loss of data
C:\Users\greenr\Downloads\CS330Content\Projects\8-2_Assignment\Source\MainCode.cpp(399,36): warning C4244: 'argument': conversion from 'double' to 'float', possible loss of data
C:\Users\greenr\Downloads\CS330Content\Projects\8-2_Assignment\Source\MainCode.cpp(399,33): warning C4244: 'argument': conversion from 'double' to 'float', possible loss of data
C:\Users\greenr\Downloads\CS330Content\Projects\8-2_Assignment\Source\MainCode.cpp(399,27): warning C4305: 'argument': truncation from 'double' to 'float'
  8-2_Assignment.vcxproj -> C:\Users\greenr\Downloads\CS330Content\Projects\8-2_Assignment\Debug\8-2_Assignment.exe
